javascript文件处理完成！

Log for static version "55ea8d96" at 2015-09-05 14:37:09

开始创建目录
创建目录/Users/jipeng/codespace/my/sendfood/src/main/webapp/deploy/1441435030
复制目录/Users/jipeng/codespace/my/sendfood/src/main/webapp/deploy/../static到目标目录/Users/jipeng/codespace/my/sendfood/src/main/webapp/deploy/1441435030
目录创建完成！

开始替换CSS中的图片静态地址！
请稍后...
替换/Users/jipeng/codespace/my/sendfood/src/main/webapp/deploy/1441435030/css/basic/bootstrap.css中的图片地址！
替换/Users/jipeng/codespace/my/sendfood/src/main/webapp/deploy/1441435030/css/basic/bootstrap.css中的图片地址！
替换/Users/jipeng/codespace/my/sendfood/src/main/webapp/deploy/1441435030/css/basic/bootstrap.css中的图片地址！
替换/Users/jipeng/codespace/my/sendfood/src/main/webapp/deploy/1441435030/css/basic/bootstrap.css中的图片地址！
替换/Users/jipeng/codespace/my/sendfood/src/main/webapp/deploy/1441435030/css/basic/bootstrap.css中的图片地址！
替换/Users/jipeng/codespace/my/sendfood/src/main/webapp/deploy/1441435030/css/basic/colorbox.css中的图片地址！
替换/Users/jipeng/codespace/my/sendfood/src/main/webapp/deploy/1441435030/css/basic/colorbox.css中的图片地址！
替换/Users/jipeng/codespace/my/sendfood/src/main/webapp/deploy/1441435030/css/basic/colorbox.css中的图片地址！
替换/Users/jipeng/codespace/my/sendfood/src/main/webapp/deploy/1441435030/css/basic/colorbox.css中的图片地址！
替换/Users/jipeng/codespace/my/sendfood/src/main/webapp/deploy/1441435030/css/basic/colorbox.css中的图片地址！
替换/Users/jipeng/codespace/my/sendfood/src/main/webapp/deploy/1441435030/css/basic/colorbox.css中的图片地址！
替换/Users/jipeng/codespace/my/sendfood/src/main/webapp/deploy/1441435030/css/basic/colorbox.css中的图片地址！
替换/Users/jipeng/codespace/my/sendfood/src/main/webapp/deploy/1441435030/css/basic/colorbox.css中的图片地址！
替换/Users/jipeng/codespace/my/sendfood/src/main/webapp/deploy/1441435030/css/basic/colorbox.css中的图片地址！
替换/Users/jipeng/codespace/my/sendfood/src/main/webapp/deploy/1441435030/css/basic/colorbox.css中的图片地址！
替换/Users/jipeng/codespace/my/sendfood/src/main/webapp/deploy/1441435030/css/basic/colorbox.css中的图片地址！
替换/Users/jipeng/codespace/my/sendfood/src/main/webapp/deploy/1441435030/css/basic/colorbox.css中的图片地址！
替换/Users/jipeng/codespace/my/sendfood/src/main/webapp/deploy/1441435030/css/basic/colorbox.css中的图片地址！
替换/Users/jipeng/codespace/my/sendfood/src/main/webapp/deploy/1441435030/css/basic/colorbox.css中的图片地址！
替换/Users/jipeng/codespace/my/sendfood/src/main/webapp/deploy/1441435030/css/basic/font-awesome.css中的图片地址！
替换/Users/jipeng/codespace/my/sendfood/src/main/webapp/deploy/1441435030/css/basic/font-awesome.css中的图片地址！
替换/Users/jipeng/codespace/my/sendfood/src/main/webapp/deploy/1441435030/css/basic/font-awesome.css中的图片地址！
替换/Users/jipeng/codespace/my/sendfood/src/main/webapp/deploy/1441435030/css/basic/font-awesome.css中的图片地址！
替换/Users/jipeng/codespace/my/sendfood/src/main/webapp/deploy/1441435030/css/basic/font-awesome.css中的图片地址！
替换/Users/jipeng/codespace/my/sendfood/src/main/webapp/deploy/1441435030/css/basic/footer.css中的图片地址！
替换/Users/jipeng/codespace/my/sendfood/src/main/webapp/deploy/1441435030/css/basic/header.css中的图片地址！
替换/Users/jipeng/codespace/my/sendfood/src/main/webapp/deploy/1441435030/css/basic/header.css中的图片地址！
替换/Users/jipeng/codespace/my/sendfood/src/main/webapp/deploy/1441435030/css/basic/header.css中的图片地址！
替换/Users/jipeng/codespace/my/sendfood/src/main/webapp/deploy/1441435030/css/basic/header.css中的图片地址！
替换/Users/jipeng/codespace/my/sendfood/src/main/webapp/deploy/1441435030/css/basic/header.css中的图片地址！
替换/Users/jipeng/codespace/my/sendfood/src/main/webapp/deploy/1441435030/css/basic/header.css中的图片地址！
替换/Users/jipeng/codespace/my/sendfood/src/main/webapp/deploy/1441435030/css/lib/jqueryPlugs/validform.css中的图片地址！
替换/Users/jipeng/codespace/my/sendfood/src/main/webapp/deploy/1441435030/css/lib/jqueryPlugs/validform.css中的图片地址！
替换/Users/jipeng/codespace/my/sendfood/src/main/webapp/deploy/1441435030/css/lib/jqueryPlugs/validform.css中的图片地址！
替换/Users/jipeng/codespace/my/sendfood/src/main/webapp/deploy/1441435030/css/lib/jqueryPlugs/zTreeStyle.css中的图片地址！
替换/Users/jipeng/codespace/my/sendfood/src/main/webapp/deploy/1441435030/css/lib/jqueryPlugs/zTreeStyle.css中的图片地址！
替换/Users/jipeng/codespace/my/sendfood/src/main/webapp/deploy/1441435030/css/lib/jqueryPlugs/zTreeStyle.css中的图片地址！
替换/Users/jipeng/codespace/my/sendfood/src/main/webapp/deploy/1441435030/css/lib/jqueryPlugs/zTreeStyle.css中的图片地址！
替换/Users/jipeng/codespace/my/sendfood/src/main/webapp/deploy/1441435030/css/lib/jqueryPlugs/zTreeStyle.css中的图片地址！
替换/Users/jipeng/codespace/my/sendfood/src/main/webapp/deploy/1441435030/css/lib/jqueryPlugs/zTreeStyle.css中的图片地址！
替换/Users/jipeng/codespace/my/sendfood/src/main/webapp/deploy/1441435030/css/modules/cdialog.css中的图片地址！
替换/Users/jipeng/codespace/my/sendfood/src/main/webapp/deploy/1441435030/css/modules/cdialog.css中的图片地址！
替换/Users/jipeng/codespace/my/sendfood/src/main/webapp/deploy/1441435030/css/modules/cdialog.css中的图片地址！
替换/Users/jipeng/codespace/my/sendfood/src/main/webapp/deploy/1441435030/css/modules/cloginDialog.css中的图片地址！
替换/Users/jipeng/codespace/my/sendfood/src/main/webapp/deploy/1441435030/css/modules/cloginDialog.css中的图片地址！
替换/Users/jipeng/codespace/my/sendfood/src/main/webapp/deploy/1441435030/css/modules/loading.css中的图片地址！
替换/Users/jipeng/codespace/my/sendfood/src/main/webapp/deploy/1441435030/css/page/orderManage/manageStandardOrder.css中的图片地址！
替换/Users/jipeng/codespace/my/sendfood/src/main/webapp/deploy/1441435030/css/page/orgStructure/addOrg.css中的图片地址！
替换/Users/jipeng/codespace/my/sendfood/src/main/webapp/deploy/1441435030/css/page/orgStructure/viewOrg.css中的图片地址！
替换/Users/jipeng/codespace/my/sendfood/src/main/webapp/deploy/1441435030/css/page/welcome.css中的图片地址！
替换成功！

开始处理CSS文件！
请稍后...
开始遍历page目录下的CSS文件！
CSS文件处理成功！

开始修改目录版本号！
将静态地址替换为/static/55ea8d96
修改目录版本号完成！

开始处理javascript文件！
请稍后...
正在压缩通用脚本...
压缩处理完毕！
正在合并脚本...
请稍后...
page/admin/auth/ManageRoleLimits 合并完成！
page/admin/business/businessList 合并完成！
page/admin/index 合并完成！
page/admin/login 合并完成！
page/customer/customerList 合并完成！
page/customer/index 合并完成！
page/food/index 合并完成！
page/index 合并完成！
page/limits/manage 合并完成！
page/limits/manageRoleLimits 合并完成！
page/noticeManage/manageStandard 合并完成！
page/orderManage/addStandardOrder 合并完成！
page/orderManage/manageStandardOrder 合并完成！
page/orgStructure/addOrg 合并完成！
page/orgStructure/viewOrg 合并完成！
page/role/ManageUserRole 合并完成！
page/role/manage 合并完成！
page/stuff/stuffList 合并完成！
page/welcome 合并完成！
开始文件移动以及清理！
创建目录/Users/jipeng/codespace/my/sendfood/src/main/webapp/deploy/../static/55ea8d96
javascript文件处理完成！

清理目录/Users/jipeng/codespace/my/sendfood/src/main/webapp/deploy/1441435030
部署成功！
